<?xml version="1.0" encoding="UTF-8"?>
<!-- Generated by org.testng.reporters.JUnitReportReporter -->
<testsuite hostname="LAPTOP-CLK9FUQ7" failures="0" tests="1" name="assessment.LoginLetscode" time="18.832" errors="0" timestamp="2023-07-06T14:13:46 IST" skipped="0">
  <testcase classname="assessment.LoginLetscode" name="login" time="18.832"/>
</testsuite> <!-- assessment.LoginLetscode -->
