<?xml version="1.0" encoding="UTF-8"?>
<!-- Generated by org.testng.reporters.JUnitReportReporter -->
<testsuite hostname="LAPTOP-CLK9FUQ7" failures="0" tests="1" name="reportwork.Report001" time="0.007" errors="0" timestamp="2023-06-27T12:43:08 IST" skipped="0">
  <testcase classname="reportwork.Report001" name="mytest" time="0.007"/>
</testsuite> <!-- reportwork.Report001 -->
