<?xml version="1.0" encoding="UTF-8"?>
<!-- Generated by org.testng.reporters.JUnitReportReporter -->
<testsuite hostname="LAPTOP-CLK9FUQ7" failures="0" tests="1" name="assessment.GoogleTest" time="8.681" errors="0" timestamp="2023-06-21T14:17:43 IST" skipped="0">
  <testcase classname="assessment.GoogleTest" name="searchLetscode" time="8.681"/>
</testsuite> <!-- assessment.GoogleTest -->
